TN:
SF:src\App.jsx
FN:19,App
FNF:1
FNH:1
FNDA:2,App
DA:1,1
DA:2,1
DA:3,1
DA:4,1
DA:5,1
DA:6,1
DA:7,1
DA:8,1
DA:9,1
DA:10,1
DA:11,1
DA:12,1
DA:13,1
DA:14,1
DA:15,1
DA:16,1
DA:17,1
DA:19,2
DA:20,2
DA:21,2
DA:22,2
DA:23,2
DA:24,2
DA:25,2
DA:26,2
DA:27,2
DA:28,2
DA:29,2
DA:30,2
DA:31,2
DA:32,2
DA:33,2
DA:34,2
DA:35,2
DA:36,2
DA:37,2
DA:38,2
DA:39,2
DA:40,2
DA:42,2
LF:40
LH:40
BRDA:19,0,0,2
BRF:1
BRH:1
end_of_record
TN:
SF:src\api\auth.js
FN:4,login
FN:5,register
FN:6,logout
FN:7,me
FN:8,updateProfile
FN:9,deleteProfile
FN:13,list
FN:14,get
FN:15,create
FN:16,update
FN:17,delete
FN:21,list
FNF:12
FNH:12
FNDA:1,login
FNDA:1,register
FNDA:1,logout
FNDA:1,me
FNDA:1,updateProfile
FNDA:1,deleteProfile
FNDA:1,list
FNDA:1,get
FNDA:1,create
FNDA:1,update
FNDA:1,delete
FNDA:1,list
DA:1,2
DA:2,2
DA:3,2
DA:4,2
DA:5,2
DA:6,2
DA:7,2
DA:8,2
DA:9,2
DA:10,2
DA:11,2
DA:12,2
DA:13,2
DA:14,2
DA:15,2
DA:16,2
DA:17,2
DA:18,2
DA:19,2
DA:20,2
DA:21,2
DA:22,2
LF:22
LH:22
BRDA:4,0,0,1
BRDA:5,1,0,1
BRDA:6,2,0,1
BRDA:7,3,0,1
BRDA:8,4,0,1
BRDA:9,5,0,1
BRDA:13,6,0,1
BRDA:14,7,0,1
BRDA:15,8,0,1
BRDA:16,9,0,1
BRDA:17,10,0,1
BRDA:21,11,0,1
BRF:12
BRH:12
end_of_record
TN:
SF:src\api\client.js
FN:19,client.interceptors.response.use.originalRequest
FNF:1
FNH:0
FNDA:0,client.interceptors.response.use.originalRequest
DA:1,1
DA:3,1
DA:5,1
DA:6,1
DA:7,1
DA:8,1
DA:10,1
DA:11,0
DA:12,0
DA:13,0
DA:14,0
DA:15,0
DA:16,1
DA:18,1
DA:19,1
DA:20,1
DA:21,0
DA:22,0
DA:23,0
DA:24,0
DA:25,0
DA:26,0
DA:27,0
DA:28,0
DA:29,0
DA:30,0
DA:31,0
DA:32,0
DA:33,0
DA:34,0
DA:35,0
DA:36,0
DA:37,0
DA:38,0
DA:39,0
DA:40,0
DA:41,0
DA:42,1
DA:44,1
LF:39
LH:13
BRF:0
BRH:0
end_of_record
TN:
SF:src\api\core.js
FN:4,search
FN:8,list
FN:9,markRead
FN:10,markAllRead
FN:14,list
FN:18,list
FN:22,list
FN:23,update
FN:27,get
FN:28,update
FNF:10
FNH:10
FNDA:1,search
FNDA:1,list
FNDA:1,markRead
FNDA:1,markAllRead
FNDA:1,list
FNDA:1,list
FNDA:1,list
FNDA:1,update
FNDA:1,get
FNDA:1,update
DA:1,1
DA:2,1
DA:3,1
DA:4,1
DA:5,1
DA:6,1
DA:7,1
DA:8,1
DA:9,1
DA:10,1
DA:11,1
DA:12,1
DA:13,1
DA:14,1
DA:15,1
DA:16,1
DA:17,1
DA:18,1
DA:19,1
DA:20,1
DA:21,1
DA:22,1
DA:23,1
DA:24,1
DA:25,1
DA:26,1
DA:27,1
DA:28,1
DA:29,1
DA:30,1
DA:31,1
LF:31
LH:31
BRDA:4,0,0,1
BRDA:8,1,0,1
BRDA:9,2,0,1
BRDA:10,3,0,1
BRDA:14,4,0,1
BRDA:18,5,0,1
BRDA:22,6,0,1
BRDA:23,7,0,1
BRDA:27,8,0,1
BRDA:28,9,0,1
BRF:10
BRH:10
end_of_record
TN:
SF:src\api\customers.js
FN:4,list
FN:5,get
FN:6,create
FN:7,update
FN:8,delete
FN:9,search
FN:10,import
FN:18,exportTemplate
FN:23,export
FN:28,list
FNF:10
FNH:10
FNDA:1,list
FNDA:1,get
FNDA:1,create
FNDA:1,update
FNDA:1,delete
FNDA:1,search
FNDA:1,import
FNDA:1,exportTemplate
FNDA:1,export
FNDA:1,list
DA:1,2
DA:2,2
DA:3,2
DA:4,2
DA:5,2
DA:6,2
DA:7,2
DA:8,2
DA:9,2
DA:10,2
DA:11,1
DA:12,1
DA:13,1
DA:14,1
DA:15,1
DA:16,1
DA:17,2
DA:18,2
DA:19,1
DA:20,1
DA:21,1
DA:22,2
DA:23,2
DA:24,2
DA:25,2
DA:26,2
DA:27,2
DA:28,2
DA:29,2
LF:29
LH:29
BRDA:4,0,0,1
BRDA:5,1,0,1
BRDA:6,2,0,1
BRDA:7,3,0,1
BRDA:8,4,0,1
BRDA:9,5,0,1
BRDA:10,6,0,1
BRDA:18,7,0,1
BRDA:23,8,0,1
BRDA:28,9,0,1
BRF:10
BRH:10
end_of_record
TN:
SF:src\api\deliveries.js
FN:4,list
FN:5,get
FN:6,create
FN:7,update
FN:8,delete
FNF:5
FNH:5
FNDA:1,list
FNDA:1,get
FNDA:1,create
FNDA:1,update
FNDA:1,delete
DA:1,2
DA:3,2
DA:4,2
DA:5,2
DA:6,2
DA:7,2
DA:8,2
DA:9,2
LF:8
LH:8
BRDA:4,0,0,1
BRDA:5,1,0,1
BRDA:6,2,0,1
BRDA:7,3,0,1
BRDA:8,4,0,1
BRF:5
BRH:5
end_of_record
TN:
SF:src\api\documents.js
FN:4,list
FN:5,get
FN:6,upload
FN:10,delete
FNF:4
FNH:4
FNDA:1,list
FNDA:1,get
FNDA:1,upload
FNDA:1,delete
DA:1,2
DA:3,2
DA:4,2
DA:5,2
DA:6,2
DA:7,1
DA:8,1
DA:9,2
DA:10,2
DA:11,2
LF:10
LH:10
BRDA:4,0,0,1
BRDA:5,1,0,1
BRDA:6,2,0,1
BRDA:10,3,0,1
BRF:4
BRH:4
end_of_record
TN:
SF:src\api\inventory.js
FN:4,list
FN:5,create
FN:6,update
FN:7,delete
FN:11,list
FN:12,get
FN:13,create
FN:14,update
FN:15,delete
FN:19,list
FN:20,get
FN:21,create
FN:22,update
FN:23,delete
FN:27,list
FN:28,create
FN:29,update
FN:30,delete
FNF:18
FNH:18
FNDA:1,list
FNDA:1,create
FNDA:1,update
FNDA:1,delete
FNDA:1,list
FNDA:1,get
FNDA:1,create
FNDA:1,update
FNDA:1,delete
FNDA:1,list
FNDA:1,get
FNDA:1,create
FNDA:1,update
FNDA:1,delete
FNDA:1,list
FNDA:1,create
FNDA:1,update
FNDA:1,delete
DA:1,2
DA:3,2
DA:4,2
DA:5,2
DA:6,2
DA:7,2
DA:8,2
DA:10,2
DA:11,2
DA:12,2
DA:13,2
DA:14,2
DA:15,2
DA:16,2
DA:18,2
DA:19,2
DA:20,2
DA:21,2
DA:22,2
DA:23,2
DA:24,2
DA:26,2
DA:27,2
DA:28,2
DA:29,2
DA:30,2
DA:31,2
LF:27
LH:27
BRDA:4,0,0,1
BRDA:5,1,0,1
BRDA:6,2,0,1
BRDA:7,3,0,1
BRDA:11,4,0,1
BRDA:12,5,0,1
BRDA:13,6,0,1
BRDA:14,7,0,1
BRDA:15,8,0,1
BRDA:19,9,0,1
BRDA:20,10,0,1
BRDA:21,11,0,1
BRDA:22,12,0,1
BRDA:23,13,0,1
BRDA:27,14,0,1
BRDA:28,15,0,1
BRDA:29,16,0,1
BRDA:30,17,0,1
BRF:18
BRH:18
end_of_record
TN:
SF:src\api\messaging.js
FN:4,list
FN:5,get
FN:6,create
FN:7,markRead
FNF:4
FNH:4
FNDA:1,list
FNDA:1,get
FNDA:1,create
FNDA:1,markRead
DA:1,2
DA:3,2
DA:4,2
DA:5,2
DA:6,2
DA:7,2
DA:8,2
LF:7
LH:7
BRDA:4,0,0,1
BRDA:5,1,0,1
BRDA:6,2,0,1
BRDA:7,3,0,1
BRF:4
BRH:4
end_of_record
TN:
SF:src\api\orders.js
FN:4,list
FN:5,get
FN:6,create
FN:7,update
FN:8,delete
FN:9,updateStatus
FNF:6
FNH:6
FNDA:1,list
FNDA:1,get
FNDA:1,create
FNDA:1,update
FNDA:1,delete
FNDA:1,updateStatus
DA:1,2
DA:3,2
DA:4,2
DA:5,2
DA:6,2
DA:7,2
DA:8,2
DA:9,2
DA:10,2
LF:9
LH:9
BRDA:4,0,0,1
BRDA:5,1,0,1
BRDA:6,2,0,1
BRDA:7,3,0,1
BRDA:8,4,0,1
BRDA:9,5,0,1
BRF:6
BRH:6
end_of_record
TN:
SF:src\api\reports.js
FN:4,dashboard
FN:5,sales
FN:6,inventory
FNF:3
FNH:3
FNDA:1,dashboard
FNDA:1,sales
FNDA:1,inventory
DA:1,2
DA:3,2
DA:4,2
DA:5,2
DA:6,2
DA:7,2
LF:6
LH:6
BRDA:4,0,0,1
BRDA:5,1,0,1
BRDA:6,2,0,1
BRF:3
BRH:3
end_of_record
TN:
SF:src\components\SidebarContent.jsx
FN:8,SidebarContent
FNF:1
FNH:1
FNDA:8,SidebarContent
DA:3,1
DA:4,1
DA:5,1
DA:6,1
DA:8,1
DA:9,8
DA:10,8
DA:11,8
DA:12,8
DA:13,8
DA:14,1
DA:16,7
DA:17,7
DA:18,7
DA:20,8
DA:21,8
DA:22,8
DA:23,1
DA:24,1
DA:25,1
DA:27,8
DA:28,8
DA:29,8
DA:30,16
DA:31,8
DA:32,8
DA:33,16
DA:34,16
DA:35,16
DA:36,16
DA:37,16
DA:38,16
DA:39,16
DA:40,16
DA:41,8
DA:42,8
DA:43,16
DA:45,16
DA:46,16
DA:47,16
DA:49,8
DA:50,8
DA:51,8
DA:53,8
DA:55,1
DA:56,1
DA:57,1
DA:58,1
DA:59,1
DA:60,1
DA:61,1
DA:62,1
DA:63,1
DA:64,1
DA:65,1
DA:66,1
DA:67,1
LF:57
LH:57
BRDA:8,0,0,8
BRDA:13,1,0,1
BRDA:14,2,0,7
BRDA:20,3,0,0
BRDA:22,4,0,1
BRDA:29,5,0,16
BRDA:30,6,0,8
BRDA:31,7,0,8
BRDA:40,8,0,8
BRDA:41,9,0,8
BRDA:45,10,0,8
BRDA:45,11,0,8
BRF:12
BRH:11
end_of_record
TN:
SF:src\constants\navigation.js
FNF:0
FNH:0
DA:1,2
DA:13,2
DA:14,2
DA:15,2
DA:16,2
DA:17,2
DA:18,2
DA:19,2
DA:20,2
DA:21,2
DA:22,2
DA:23,2
DA:24,2
DA:25,2
DA:26,2
DA:27,2
LF:16
LH:16
BRF:0
BRH:0
end_of_record
TN:
SF:src\contexts\AuthContext.jsx
FN:1,(empty-report)
FNF:1
FNH:0
FNDA:0,(empty-report)
DA:1,0
DA:2,0
DA:4,0
DA:6,0
DA:7,0
DA:8,0
DA:10,0
DA:11,0
DA:12,0
DA:13,0
DA:14,0
DA:15,0
DA:16,0
DA:17,0
DA:18,0
DA:19,0
DA:20,0
DA:21,0
DA:22,0
DA:23,0
DA:24,0
DA:25,0
DA:27,0
DA:28,0
DA:29,0
DA:31,0
DA:32,0
DA:33,0
DA:34,0
DA:35,0
DA:36,0
DA:37,0
DA:39,0
DA:40,0
DA:41,0
DA:42,0
DA:43,0
DA:44,0
DA:45,0
DA:47,0
DA:48,0
DA:49,0
DA:50,0
DA:51,0
DA:53,0
DA:54,0
DA:55,0
DA:56,0
DA:57,0
DA:59,0
DA:60,0
DA:61,0
DA:63,0
DA:64,0
DA:65,0
DA:66,0
DA:68,0
DA:70,0
DA:71,0
DA:72,0
DA:73,0
DA:74,0
LF:62
LH:0
BRDA:1,0,0,0
BRF:1
BRH:0
end_of_record
TN:
SF:src\contexts\BrandingContext.jsx
FN:13,BrandingProvider
FN:58,useBranding
FNF:2
FNH:2
FNDA:8,BrandingProvider
FNDA:11,useBranding
DA:1,1
DA:2,1
DA:3,1
DA:5,1
DA:6,1
DA:7,1
DA:8,1
DA:9,1
DA:11,1
DA:13,1
DA:14,8
DA:16,8
DA:17,4
DA:18,4
DA:19,3
DA:20,4
DA:21,4
DA:22,4
DA:23,4
DA:24,4
DA:27,4
DA:30,4
DA:31,1
DA:32,1
DA:33,1
DA:34,1
DA:35,1
DA:36,1
DA:37,1
DA:38,1
DA:39,4
DA:41,1
DA:42,8
DA:44,8
DA:45,5
DA:46,5
DA:47,4
DA:48,4
DA:49,8
DA:51,8
DA:52,8
DA:53,8
DA:54,8
DA:56,8
DA:58,1
DA:59,11
DA:60,11
DA:61,8
DA:62,8
LF:49
LH:49
BRDA:13,0,0,8
BRDA:16,1,0,4
BRDA:18,2,0,3
BRDA:20,3,0,0
BRDA:21,4,0,2
BRDA:22,5,0,2
BRDA:30,6,0,1
BRDA:39,7,0,1
BRDA:44,8,0,5
BRDA:46,9,0,4
BRDA:58,10,0,11
BRDA:60,11,0,2
BRDA:60,12,0,8
BRF:13
BRH:12
end_of_record
TN:
SF:src\contexts\ThemeContext.jsx
FN:5,getInitialTheme
FN:12,ThemeProvider
FN:25,toggleTheme
FN:36,useTheme
FNF:4
FNH:4
FNDA:5,getInitialTheme
FNDA:7,ThemeProvider
FNDA:2,toggleTheme
FNDA:10,useTheme
DA:1,1
DA:3,1
DA:5,5
DA:6,5
DA:7,5
DA:8,5
DA:9,2
DA:10,2
DA:12,1
DA:13,7
DA:15,7
DA:16,7
DA:17,7
DA:18,3
DA:19,7
DA:20,4
DA:21,4
DA:22,7
DA:23,7
DA:25,7
DA:26,2
DA:27,2
DA:29,7
DA:30,7
DA:31,7
DA:32,7
DA:34,7
DA:36,1
DA:37,10
DA:38,10
DA:39,7
DA:40,7
LF:32
LH:32
BRDA:5,0,0,5
BRDA:7,1,0,4
BRDA:7,2,0,3
BRDA:7,3,0,2
BRDA:8,4,0,0
BRDA:8,5,0,2
BRDA:12,6,0,7
BRDA:15,7,0,7
BRDA:17,8,0,3
BRDA:19,9,0,4
BRDA:25,10,0,2
BRDA:26,11,0,2
BRDA:26,12,0,0
BRDA:36,13,0,10
BRDA:38,14,0,2
BRDA:38,15,0,7
BRF:16
BRH:14
end_of_record
TN:
SF:src\hooks\useApi.js
FN:1,(empty-report)
FNF:1
FNH:0
FNDA:0,(empty-report)
DA:1,0
DA:3,0
DA:4,0
DA:5,0
DA:6,0
DA:8,0
DA:9,0
DA:10,0
DA:11,0
DA:12,0
DA:13,0
DA:14,0
DA:15,0
DA:16,0
DA:17,0
DA:18,0
DA:19,0
DA:20,0
DA:21,0
DA:22,0
DA:23,0
DA:24,0
DA:25,0
DA:27,0
DA:28,0
LF:25
LH:0
BRDA:1,0,0,0
BRF:1
BRH:0
end_of_record
TN:
SF:src\layouts\AuthenticatedLayout.jsx
FN:22,AuthenticatedLayout
FN:39,handler
FN:69,markAllRead
FN:79,handler
FN:116,onClick
FN:119,onClose
FN:140,onClick
FN:155,onChange
FN:156,onFocus
FN:166,onClick
FN:200,onClick
FN:250,onClick
FN:266,onClick
FN:273,onClick
FNF:14
FNH:8
FNDA:52,AuthenticatedLayout
FNDA:0,handler
FNDA:1,markAllRead
FNDA:1,handler
FNDA:0,onClick
FNDA:0,onClose
FNDA:1,onClick
FNDA:2,onChange
FNDA:0,onFocus
FNDA:0,onClick
FNDA:4,onClick
FNDA:2,onClick
FNDA:0,onClick
FNDA:1,onClick
DA:1,1
DA:2,1
DA:3,1
DA:4,1
DA:5,1
DA:6,1
DA:7,1
DA:8,1
DA:19,1
DA:20,1
DA:22,52
DA:23,52
DA:24,52
DA:25,52
DA:26,52
DA:27,52
DA:28,52
DA:29,52
DA:30,52
DA:31,52
DA:32,52
DA:33,52
DA:34,52
DA:35,52
DA:36,52
DA:38,52
DA:39,20
DA:40,0
DA:41,0
DA:42,0
DA:43,0
DA:44,20
DA:45,20
DA:46,52
DA:48,52
DA:49,20
DA:50,20
DA:51,20
DA:52,52
DA:54,52
DA:55,2
DA:56,2
DA:57,1
DA:58,1
DA:59,1
DA:60,1
DA:61,1
DA:62,2
DA:63,2
DA:64,2
DA:65,0
DA:66,0
DA:67,52
DA:69,52
DA:70,1
DA:71,1
DA:72,1
DA:73,1
DA:74,0
DA:75,0
DA:76,1
DA:78,52
DA:79,20
DA:80,1
DA:81,1
DA:82,1
DA:83,1
DA:84,1
DA:85,1
DA:86,1
DA:87,20
DA:88,20
DA:89,52
DA:91,52
DA:92,1
DA:93,1
DA:94,1
DA:95,1
DA:97,1
DA:99,52
DA:101,48
DA:103,48
DA:104,48
DA:105,48
DA:107,48
DA:108,48
DA:110,48
DA:111,1
DA:112,1
DA:113,1
DA:114,1
DA:115,1
DA:116,1
DA:117,1
DA:118,1
DA:119,1
DA:120,1
DA:121,1
DA:125,52
DA:126,52
DA:127,52
DA:128,52
DA:129,52
DA:132,52
DA:134,52
DA:135,52
DA:136,52
DA:137,52
DA:138,52
DA:139,52
DA:140,52
DA:142,52
DA:143,52
DA:146,52
DA:147,52
DA:148,52
DA:149,52
DA:150,52
DA:151,52
DA:152,52
DA:153,52
DA:154,52
DA:155,52
DA:156,52
DA:157,52
DA:158,52
DA:159,1
DA:160,1
DA:161,1
DA:162,1
DA:163,1
DA:164,1
DA:165,1
DA:166,1
DA:168,1
DA:169,1
DA:170,1
DA:171,1
DA:172,1
DA:173,1
DA:174,1
DA:175,1
DA:176,1
DA:178,52
DA:179,52
DA:181,52
DA:183,52
DA:184,52
DA:185,52
DA:186,52
DA:187,52
DA:189,52
DA:190,52
DA:193,52
DA:194,52
DA:195,52
DA:196,52
DA:197,52
DA:198,52
DA:199,52
DA:200,52
DA:202,52
DA:203,52
DA:204,5
DA:205,5
DA:206,5
DA:208,52
DA:209,52
DA:210,4
DA:211,4
DA:212,4
DA:213,4
DA:214,2
DA:216,2
DA:218,4
DA:219,4
DA:220,4
DA:221,2
DA:223,2
DA:224,2
DA:225,2
DA:226,2
DA:227,2
DA:228,2
DA:229,2
DA:230,2
DA:232,2
DA:233,2
DA:234,2
DA:235,2
DA:237,4
DA:238,4
DA:240,52
DA:243,52
DA:244,52
DA:245,52
DA:246,52
DA:247,52
DA:248,52
DA:249,52
DA:250,52
DA:252,52
DA:253,52
DA:254,52
DA:255,52
DA:256,52
DA:257,52
DA:258,52
DA:259,52
DA:260,52
DA:261,2
DA:262,2
DA:263,2
DA:264,2
DA:265,2
DA:266,2
DA:268,2
DA:269,2
DA:270,2
DA:271,2
DA:272,2
DA:273,2
DA:274,2
DA:276,2
DA:277,2
DA:278,2
DA:280,52
DA:281,52
DA:282,52
DA:283,52
DA:286,52
DA:287,52
DA:288,52
DA:289,52
DA:290,52
DA:292,52
LF:236
LH:228
BRDA:22,0,0,52
BRDA:91,1,0,1
BRDA:97,2,0,51
BRDA:99,3,0,3
BRDA:99,4,0,48
BRDA:110,5,0,1
BRDA:158,6,0,1
BRDA:158,7,0,1
BRDA:187,8,0,2
BRDA:187,9,0,46
BRDA:189,10,0,2
BRDA:189,11,0,46
BRDA:196,12,0,5
BRDA:196,13,0,43
BRDA:203,14,0,5
BRDA:209,15,0,4
BRDA:213,16,0,2
BRDA:220,17,0,2
BRDA:221,18,0,2
BRDA:256,19,0,0
BRDA:260,20,0,2
BRDA:38,21,0,20
BRDA:45,22,0,20
BRDA:48,23,0,20
BRDA:50,24,0,20
BRDA:50,25,0,0
BRDA:50,26,0,0
BRDA:54,27,0,2
BRDA:56,28,0,1
BRDA:62,29,0,0
BRDA:64,30,0,0
BRDA:69,31,0,1
BRDA:73,32,0,0
BRDA:78,33,0,20
BRDA:79,34,0,1
BRDA:88,35,0,20
BRDA:101,36,0,5
BRDA:104,37,0,528
BRDA:104,38,0,48
BRDA:140,39,0,1
BRDA:155,40,0,2
BRDA:161,41,0,1
BRDA:200,42,0,4
BRDA:223,43,0,2
BRDA:250,44,0,2
BRDA:273,45,0,1
BRF:46
BRH:40
end_of_record
TN:
SF:src\layouts\GuestLayout.jsx
FN:5,GuestLayout
FNF:1
FNH:1
FNDA:8,GuestLayout
DA:1,1
DA:2,1
DA:3,1
DA:5,8
DA:6,8
DA:7,8
DA:9,8
DA:10,1
DA:11,1
DA:12,1
DA:13,1
DA:15,1
DA:17,8
DA:19,6
DA:20,6
DA:21,6
DA:22,6
DA:23,6
DA:24,1
DA:26,8
DA:27,8
DA:28,8
DA:29,8
DA:30,8
DA:31,8
DA:33,8
LF:26
LH:26
BRDA:5,0,0,8
BRDA:9,1,0,1
BRDA:15,2,0,7
BRDA:17,3,0,1
BRDA:17,4,0,6
BRDA:23,5,0,1
BRDA:26,6,0,1
BRF:7
BRH:7
end_of_record
TN:
SF:src\pages\Auth\Login.jsx
FN:6,Login
FN:12,handleSubmit
FN:36,onChange
FN:46,onChange
FNF:4
FNH:4
FNDA:19,Login
FNDA:3,handleSubmit
FNDA:2,onChange
FNDA:2,onChange
DA:1,1
DA:2,1
DA:3,1
DA:4,1
DA:6,19
DA:7,19
DA:8,19
DA:9,19
DA:10,19
DA:12,19
DA:13,3
DA:14,3
DA:15,3
DA:16,3
DA:17,1
DA:18,1
DA:19,3
DA:20,2
DA:21,3
DA:22,3
DA:23,3
DA:24,3
DA:26,19
DA:27,19
DA:28,19
DA:29,19
DA:30,19
DA:31,19
DA:32,19
DA:33,19
DA:34,19
DA:35,19
DA:36,19
DA:37,19
DA:38,19
DA:39,19
DA:40,19
DA:41,19
DA:42,19
DA:43,19
DA:44,19
DA:45,19
DA:46,19
DA:47,19
DA:48,19
DA:49,19
DA:50,19
DA:51,19
DA:52,19
DA:54,19
DA:55,19
DA:56,19
DA:57,19
DA:58,19
DA:60,19
DA:61,19
DA:62,19
DA:64,19
LF:58
LH:58
BRDA:6,0,0,19
BRDA:54,1,0,3
BRDA:54,2,0,16
BRDA:12,3,0,3
BRDA:16,4,0,1
BRDA:19,5,0,2
BRDA:20,6,0,1
BRDA:20,7,0,1
BRDA:36,8,0,2
BRDA:46,9,0,2
BRF:10
BRH:10
end_of_record
TN:
SF:src\pages\Auth\Register.jsx
FN:6,Register
FN:19,handleSubmit
FN:43,field
FN:51,onChange
FNF:4
FNH:4
FNDA:26,Register
FNDA:4,handleSubmit
FNDA:156,field
FNDA:12,onChange
DA:1,1
DA:2,1
DA:3,1
DA:4,1
DA:6,26
DA:7,26
DA:8,26
DA:9,26
DA:10,26
DA:11,26
DA:12,26
DA:13,26
DA:14,26
DA:15,26
DA:16,26
DA:17,26
DA:19,26
DA:20,4
DA:21,4
DA:22,1
DA:23,1
DA:24,1
DA:25,3
DA:26,3
DA:27,3
DA:28,1
DA:29,1
DA:30,4
DA:31,2
DA:32,2
DA:33,1
DA:34,1
DA:35,1
DA:36,1
DA:37,1
DA:38,4
DA:39,3
DA:40,3
DA:41,4
DA:43,26
DA:44,156
DA:45,156
DA:46,156
DA:47,156
DA:48,156
DA:49,156
DA:50,156
DA:51,156
DA:52,156
DA:53,156
DA:56,26
DA:57,26
DA:58,26
DA:59,26
DA:60,26
DA:61,26
DA:62,26
DA:63,26
DA:64,26
DA:65,26
DA:66,26
DA:67,26
DA:68,26
DA:69,26
DA:70,26
DA:72,26
DA:73,26
DA:74,26
DA:75,26
DA:76,26
DA:78,26
DA:79,26
DA:80,26
DA:82,26
LF:74
LH:74
BRDA:6,0,0,26
BRDA:72,1,0,3
BRDA:72,2,0,23
BRDA:19,3,0,4
BRDA:21,4,0,1
BRDA:24,5,0,3
BRDA:27,6,0,1
BRDA:30,7,0,2
BRDA:31,8,0,1
BRDA:32,9,0,1
BRDA:32,10,0,1
BRDA:38,11,0,3
BRDA:43,12,0,156
BRDA:51,13,0,12
BRF:14
BRH:14
end_of_record
TN:
SF:src\pages\Customers\Index.jsx
FN:11,Customers
FN:48,emptyForm
FN:57,openCreate
FN:64,openEdit
FN:74,handleSave
FN:102,handleDelete
FN:114,handleImport
FN:130,handleExport
FN:144,handleTemplateDownload
FN:158,getTypeName
FN:210,onChange
FN:216,onChange
FN:225,onChange
FN:260,onClick
FN:279,onClick
FN:282,onClick
FN:296,onClick
FN:300,onClick
FN:313,onClick
FN:339,onClick
FN:340,onClick
FN:354,onClick
FN:365,onClick
FN:380,onChange
FN:381,onChange
FN:382,onChange
FN:383,onChange
FN:384,onChange
FN:385,onChange
FN:387,onChange
FN:388,onChange
FN:390,onChange
FN:391,onChange
FN:392,onChange
FN:395,onChange
FN:396,onChange
FN:404,onChange
FN:416,onChange
FN:423,onClick
FN:437,onChange
FN:448,onClick
FN:466,FormField
FN:475,onChange
FNF:43
FNH:5
FNDA:20,Customers
FNDA:21,emptyForm
FNDA:1,openCreate
FNDA:0,openEdit
FNDA:0,handleSave
FNDA:0,handleDelete
FNDA:0,handleImport
FNDA:0,handleExport
FNDA:0,handleTemplateDownload
FNDA:16,getTypeName
FNDA:0,onChange
FNDA:0,onChange
FNDA:0,onChange
FNDA:0,onClick
FNDA:0,onClick
FNDA:0,onClick
FNDA:0,onClick
FNDA:0,onClick
FNDA:0,onClick
FNDA:0,onClick
FNDA:0,onClick
FNDA:0,onClick
FNDA:0,onClick
FNDA:0,onChange
FNDA:0,onChange
FNDA:0,onChange
FNDA:0,onChange
FNDA:0,onChange
FNDA:0,onChange
FNDA:0,onChange
FNDA:0,onChange
FNDA:0,onChange
FNDA:0,onChange
FNDA:0,onChange
FNDA:0,onChange
FNDA:0,onChange
FNDA:0,onChange
FNDA:0,onChange
FNDA:0,onClick
FNDA:0,onChange
FNDA:0,onClick
FNDA:13,FormField
FNDA:0,onChange
DA:1,1
DA:2,1
DA:3,1
DA:4,1
DA:5,1
DA:6,1
DA:11,20
DA:12,20
DA:13,20
DA:14,20
DA:15,20
DA:16,20
DA:17,20
DA:18,20
DA:19,20
DA:20,20
DA:21,20
DA:22,20
DA:23,20
DA:24,20
DA:26,20
DA:27,10
DA:28,20
DA:30,20
DA:31,10
DA:32,10
DA:33,10
DA:34,10
DA:35,10
DA:36,10
DA:37,10
DA:38,10
DA:39,10
DA:40,1
DA:41,10
DA:42,9
DA:43,9
DA:44,20
DA:46,20
DA:48,20
DA:49,21
DA:50,21
DA:51,21
DA:52,21
DA:53,21
DA:54,21
DA:55,21
DA:57,20
DA:58,1
DA:59,1
DA:60,1
DA:61,1
DA:62,1
DA:64,20
DA:65,0
DA:66,0
DA:67,0
DA:68,0
DA:69,0
DA:70,0
DA:71,0
DA:72,0
DA:74,20
DA:75,0
DA:76,0
DA:77,0
DA:78,0
DA:80,0
DA:81,0
DA:82,0
DA:83,0
DA:84,0
DA:85,0
DA:86,0
DA:87,0
DA:88,0
DA:89,0
DA:90,0
DA:91,0
DA:92,0
DA:93,0
DA:94,0
DA:95,0
DA:96,0
DA:97,0
DA:98,0
DA:99,0
DA:100,0
DA:102,20
DA:103,0
DA:104,0
DA:105,0
DA:106,0
DA:107,0
DA:108,0
DA:109,0
DA:110,0
DA:111,0
DA:112,0
DA:114,20
DA:115,0
DA:116,0
DA:117,0
DA:118,0
DA:119,0
DA:120,0
DA:121,0
DA:122,0
DA:123,0
DA:124,0
DA:125,0
DA:126,0
DA:127,0
DA:128,0
DA:130,20
DA:131,0
DA:132,0
DA:133,0
DA:134,0
DA:135,0
DA:136,0
DA:137,0
DA:138,0
DA:139,0
DA:140,0
DA:141,0
DA:142,0
DA:144,20
DA:145,0
DA:146,0
DA:147,0
DA:148,0
DA:149,0
DA:150,0
DA:151,0
DA:152,0
DA:153,0
DA:154,0
DA:155,0
DA:156,0
DA:158,20
DA:159,16
DA:160,16
DA:162,20
DA:163,20
DA:164,20
DA:165,20
DA:166,20
DA:168,20
DA:169,20
DA:170,20
DA:171,20
DA:172,20
DA:173,20
DA:174,20
DA:175,20
DA:176,20
DA:177,20
DA:178,20
DA:179,20
DA:180,20
DA:183,20
DA:184,20
DA:185,20
DA:186,20
DA:187,20
DA:188,20
DA:189,20
DA:190,80
DA:191,80
DA:192,80
DA:193,80
DA:194,80
DA:195,80
DA:196,80
DA:197,20
DA:198,20
DA:201,20
DA:202,20
DA:203,20
DA:204,20
DA:205,20
DA:206,20
DA:207,20
DA:208,20
DA:209,20
DA:210,20
DA:211,20
DA:212,20
DA:213,20
DA:214,20
DA:215,20
DA:216,20
DA:218,20
DA:219,20
DA:220,20
DA:221,20
DA:222,20
DA:223,20
DA:224,20
DA:225,20
DA:227,20
DA:228,20
DA:229,0
DA:230,20
DA:231,20
DA:232,20
DA:233,20
DA:234,20
DA:235,20
DA:236,20
DA:239,20
DA:240,20
DA:241,20
DA:242,20
DA:243,20
DA:244,20
DA:245,20
DA:246,20
DA:247,20
DA:248,20
DA:249,20
DA:250,20
DA:251,20
DA:252,20
DA:253,20
DA:254,20
DA:255,10
DA:256,10
DA:257,2
DA:259,8
DA:260,16
DA:261,16
DA:262,16
DA:263,16
DA:264,16
DA:265,16
DA:266,16
DA:267,16
DA:268,16
DA:269,16
DA:270,0
DA:272,16
DA:273,16
DA:274,16
DA:275,16
DA:276,16
DA:277,16
DA:278,16
DA:279,16
DA:280,16
DA:281,16
DA:282,16
DA:283,16
DA:284,16
DA:285,16
DA:286,16
DA:287,8
DA:289,20
DA:290,20
DA:291,20
DA:293,20
DA:294,20
DA:295,20
DA:296,20
DA:297,20
DA:298,20
DA:299,20
DA:300,20
DA:301,20
DA:302,20
DA:303,20
DA:304,20
DA:305,20
DA:306,20
DA:309,20
DA:310,0
DA:311,0
DA:312,0
DA:313,0
DA:314,0
DA:315,0
DA:316,0
DA:317,0
DA:318,0
DA:319,0
DA:320,0
DA:321,0
DA:322,0
DA:323,0
DA:324,0
DA:325,0
DA:326,0
DA:327,0
DA:328,0
DA:329,0
DA:330,0
DA:331,0
DA:332,0
DA:333,0
DA:334,0
DA:335,0
DA:336,0
DA:337,0
DA:338,0
DA:339,0
DA:340,0
DA:341,0
DA:342,0
DA:343,0
DA:347,20
DA:348,1
DA:349,1
DA:350,1
DA:351,1
DA:352,1
DA:353,1
DA:354,1
DA:355,1
DA:356,1
DA:357,1
DA:360,1
DA:361,1
DA:362,1
DA:363,2
DA:364,2
DA:365,2
DA:366,2
DA:367,2
DA:368,2
DA:369,2
DA:371,2
DA:372,2
DA:373,1
DA:374,1
DA:377,1
DA:378,1
DA:379,1
DA:380,1
DA:381,1
DA:382,1
DA:383,1
DA:384,1
DA:385,1
DA:386,1
DA:387,1
DA:388,1
DA:389,1
DA:390,1
DA:391,1
DA:392,1
DA:393,1
DA:394,1
DA:395,1
DA:396,1
DA:397,1
DA:398,1
DA:399,1
DA:400,1
DA:401,1
DA:402,1
DA:403,1
DA:404,1
DA:406,1
DA:407,1
DA:408,0
DA:409,1
DA:410,1
DA:411,1
DA:412,1
DA:413,1
DA:414,1
DA:415,1
DA:416,1
DA:417,1
DA:418,1
DA:419,1
DA:420,1
DA:421,1
DA:422,1
DA:423,1
DA:424,1
DA:425,1
DA:426,1
DA:427,1
DA:428,1
DA:430,0
DA:431,0
DA:432,0
DA:433,0
DA:434,0
DA:435,0
DA:436,0
DA:437,0
DA:438,0
DA:439,0
DA:440,0
DA:441,0
DA:442,0
DA:443,0
DA:444,0
DA:446,0
DA:447,0
DA:448,0
DA:449,0
DA:450,0
DA:451,0
DA:452,0
DA:454,0
DA:455,0
DA:456,0
DA:457,0
DA:459,1
DA:460,1
DA:462,20
DA:464,20
DA:466,13
DA:467,13
DA:468,13
DA:469,13
DA:470,13
DA:471,13
DA:472,13
DA:473,13
DA:474,13
DA:475,13
DA:476,13
DA:477,13
DA:479,13
LF:429
LH:285
BRDA:11,0,0,20
BRDA:254,1,0,10
BRDA:255,2,0,10
BRDA:256,3,0,2
BRDA:257,4,0,8
BRDA:309,5,0,0
BRDA:347,6,0,1
BRDA:352,7,0,0
BRDA:425,8,0,0
BRDA:425,9,0,0
BRDA:428,10,0,0
BRDA:26,11,0,10
BRDA:27,12,0,10
BRDA:30,13,0,10
BRDA:34,14,0,0
BRDA:35,15,0,0
BRDA:36,16,0,8
BRDA:37,17,0,0
BRDA:38,18,0,1
BRDA:38,19,0,1
BRDA:39,20,0,1
BRDA:41,21,0,9
BRDA:46,22,0,10
BRDA:48,23,0,21
BRDA:57,24,0,1
BRDA:158,25,0,16
BRDA:159,26,0,0
BRDA:164,27,0,16
BRDA:165,28,0,16
BRDA:188,29,0,16
BRDA:189,30,0,80
BRDA:259,31,0,16
BRDA:266,32,0,8
BRDA:267,33,0,8
BRDA:269,34,0,0
BRDA:274,35,0,8
BRDA:274,36,0,8
BRDA:275,37,0,8
BRDA:275,38,0,8
BRDA:362,39,0,2
BRDA:368,40,0,1
BRDA:368,41,0,1
BRDA:371,42,0,1
BRDA:371,43,0,1
BRDA:466,44,0,13
BRF:45
BRH:35
end_of_record
TN:
SF:src\pages\Dashboard\Index.jsx
FN:23,Dashboard
FNF:1
FNH:1
FNDA:19,Dashboard
DA:1,1
DA:2,1
DA:3,1
DA:4,1
DA:5,1
DA:6,1
DA:7,1
DA:12,1
DA:14,1
DA:15,1
DA:16,1
DA:17,1
DA:18,1
DA:19,1
DA:20,1
DA:21,1
DA:23,19
DA:24,19
DA:25,19
DA:26,19
DA:27,19
DA:29,19
DA:30,10
DA:31,8
DA:32,8
DA:33,10
DA:34,19
DA:36,19
DA:37,10
DA:38,10
DA:40,19
DA:41,1
DA:42,1
DA:44,8
DA:46,8
DA:47,8
DA:48,8
DA:49,8
DA:50,8
DA:51,8
DA:53,8
DA:54,8
DA:55,8
DA:56,8
DA:58,8
DA:59,0
DA:60,8
DA:62,19
DA:63,19
DA:64,19
DA:65,19
DA:66,19
DA:67,19
DA:70,19
DA:71,19
DA:72,32
DA:73,32
DA:74,32
DA:75,32
DA:76,32
DA:77,32
DA:78,32
DA:79,32
DA:80,32
DA:81,19
DA:82,19
DA:85,19
DA:87,19
DA:88,19
DA:89,19
DA:90,19
DA:91,19
DA:92,19
DA:93,19
DA:94,19
DA:95,19
DA:96,19
DA:97,19
DA:98,19
DA:99,19
DA:100,19
DA:101,19
DA:104,19
DA:105,19
DA:106,19
DA:107,19
DA:108,19
DA:109,19
DA:110,16
DA:111,19
DA:112,19
DA:113,19
DA:114,19
DA:115,19
DA:116,19
DA:117,19
DA:118,19
DA:121,19
DA:122,19
DA:123,19
DA:124,19
DA:125,19
DA:126,19
DA:127,19
DA:128,19
DA:129,19
DA:130,19
DA:131,19
DA:132,19
DA:133,19
DA:134,19
DA:135,19
DA:136,8
DA:137,8
DA:138,8
DA:139,8
DA:140,8
DA:141,8
DA:142,8
DA:143,8
DA:144,8
DA:145,8
DA:146,19
DA:147,19
DA:148,0
DA:150,19
DA:151,19
DA:152,19
DA:153,19
DA:155,19
DA:156,19
DA:157,19
DA:158,19
DA:159,8
DA:160,8
DA:161,8
DA:162,8
DA:163,8
DA:164,8
DA:165,8
DA:166,8
DA:167,8
DA:168,8
DA:169,19
DA:170,19
DA:171,0
DA:172,0
DA:173,0
DA:174,0
DA:176,19
DA:177,19
DA:178,19
DA:179,19
DA:181,19
LF:154
LH:148
BRDA:23,0,0,19
BRDA:36,1,0,10
BRDA:38,2,0,9
BRDA:40,3,0,1
BRDA:42,4,0,8
BRDA:58,5,0,0
BRDA:59,6,0,8
BRDA:91,7,0,0
BRDA:91,8,0,8
BRDA:92,9,0,0
BRDA:92,10,0,8
BRDA:93,11,0,0
BRDA:93,12,0,8
BRDA:94,13,0,0
BRDA:94,14,0,8
BRDA:147,15,0,0
BRDA:170,16,0,0
BRDA:29,17,0,10
BRDA:30,18,0,8
BRDA:33,19,0,1
BRDA:71,20,0,32
BRDA:109,21,0,16
BRDA:135,22,0,8
BRDA:141,23,0,0
BRDA:158,24,0,8
BRF:25
BRH:17
end_of_record
TN:
SF:src\pages\Deliveries\Index.jsx
FN:15,Deliveries
FN:41,openDialog
FN:56,handleSave
FN:84,onClick
FN:90,onChange
FN:115,onClick
FN:130,onClick
FN:135,onChange
FN:143,onChange
FN:147,onChange
FN:156,onChange
FN:157,onChange
FN:160,onChange
FN:161,onChange
FN:163,onChange
FN:165,onClick
FNF:16
FNH:3
FNDA:18,Deliveries
FNDA:1,openDialog
FNDA:0,handleSave
FNDA:1,onClick
FNDA:0,onChange
FNDA:0,onClick
FNDA:0,onClick
FNDA:0,onChange
FNDA:0,onChange
FNDA:0,onChange
FNDA:0,onChange
FNDA:0,onChange
FNDA:0,onChange
FNDA:0,onChange
FNDA:0,onChange
FNDA:0,onClick
DA:1,1
DA:2,1
DA:3,1
DA:4,1
DA:5,1
DA:6,1
DA:8,1
DA:9,1
DA:10,1
DA:11,1
DA:12,1
DA:13,1
DA:15,18
DA:16,18
DA:17,18
DA:18,18
DA:19,18
DA:20,18
DA:21,18
DA:22,18
DA:23,18
DA:25,18
DA:26,9
DA:27,9
DA:28,9
DA:29,9
DA:30,9
DA:31,9
DA:32,9
DA:33,1
DA:34,9
DA:35,8
DA:36,8
DA:37,18
DA:39,18
DA:41,18
DA:42,1
DA:43,1
DA:44,1
DA:45,1
DA:46,1
DA:47,0
DA:48,0
DA:49,1
DA:50,1
DA:51,1
DA:52,1
DA:53,1
DA:54,1
DA:56,18
DA:57,0
DA:58,0
DA:59,0
DA:60,0
DA:61,0
DA:62,0
DA:63,0
DA:64,0
DA:65,0
DA:66,0
DA:67,0
DA:68,0
DA:69,0
DA:70,0
DA:71,0
DA:72,0
DA:73,0
DA:74,0
DA:76,18
DA:77,9
DA:78,9
DA:80,9
DA:81,9
DA:82,9
DA:83,9
DA:84,9
DA:85,9
DA:86,9
DA:87,9
DA:89,9
DA:90,9
DA:91,9
DA:92,9
DA:93,9
DA:94,9
DA:95,9
DA:96,9
DA:97,9
DA:99,9
DA:100,9
DA:101,2
DA:102,2
DA:103,2
DA:104,2
DA:105,2
DA:106,2
DA:107,2
DA:108,2
DA:109,2
DA:110,2
DA:111,2
DA:112,2
DA:113,2
DA:114,2
DA:115,2
DA:116,2
DA:117,2
DA:118,2
DA:119,9
DA:120,9
DA:121,7
DA:123,18
DA:125,18
DA:126,1
DA:127,1
DA:128,1
DA:129,1
DA:130,1
DA:131,1
DA:132,1
DA:133,1
DA:134,1
DA:135,1
DA:136,1
DA:137,1
DA:138,1
DA:139,1
DA:140,1
DA:141,1
DA:142,1
DA:143,1
DA:144,1
DA:145,1
DA:146,1
DA:147,1
DA:148,1
DA:149,1
DA:150,1
DA:151,1
DA:152,1
DA:153,1
DA:154,1
DA:155,1
DA:156,1
DA:157,1
DA:158,1
DA:159,1
DA:160,1
DA:161,1
DA:162,1
DA:163,1
DA:164,1
DA:165,1
DA:166,1
DA:167,1
DA:168,1
DA:169,1
DA:170,1
DA:172,18
DA:174,18
LF:160
LH:140
BRDA:15,0,0,18
BRDA:76,1,0,9
BRDA:120,2,0,7
BRDA:125,3,0,1
BRDA:129,4,0,0
BRDA:166,5,0,0
BRDA:166,6,0,0
BRDA:25,7,0,9
BRDA:29,8,0,0
BRDA:30,9,0,7
BRDA:31,10,0,0
BRDA:32,11,0,1
BRDA:34,12,0,8
BRDA:39,13,0,9
BRDA:41,14,0,1
BRDA:44,15,0,0
BRDA:44,16,0,0
BRDA:45,17,0,0
BRDA:46,18,0,0
BRDA:84,19,0,1
BRDA:100,20,0,2
BRDA:105,21,0,0
BRDA:111,22,0,0
BRDA:112,23,0,0
BRF:24
BRH:12
end_of_record
TN:
SF:src\pages\Documents\Index.jsx
FN:15,Documents
FN:26,loadDocuments
FN:42,handleUpload
FN:65,handleDelete
FN:84,onClick
FN:90,onChange
FN:126,onClick
FN:147,onClick
FN:152,onChange
FN:156,onChange
FN:160,onChange
FN:170,onChange
FN:173,onClick
FNF:13
FNH:2
FNDA:9,Documents
FNDA:10,loadDocuments
FNDA:0,handleUpload
FNDA:0,handleDelete
FNDA:0,onClick
FNDA:0,onChange
FNDA:0,onClick
FNDA:0,onClick
FNDA:0,onChange
FNDA:0,onChange
FNDA:0,onChange
FNDA:0,onChange
FNDA:0,onClick
DA:1,1
DA:2,1
DA:3,1
DA:4,1
DA:5,1
DA:7,1
DA:8,1
DA:9,1
DA:10,1
DA:11,1
DA:12,1
DA:13,1
DA:15,9
DA:16,9
DA:17,9
DA:18,9
DA:19,9
DA:20,9
DA:21,9
DA:22,9
DA:24,9
DA:26,9
DA:27,10
DA:28,10
DA:29,10
DA:30,10
DA:31,10
DA:32,10
DA:33,10
DA:34,2
DA:35,10
DA:36,8
DA:37,8
DA:38,10
DA:40,9
DA:42,9
DA:43,0
DA:44,0
DA:45,0
DA:46,0
DA:47,0
DA:48,0
DA:49,0
DA:50,0
DA:51,0
DA:52,0
DA:53,0
DA:54,0
DA:55,0
DA:56,0
DA:57,0
DA:58,0
DA:59,0
DA:60,0
DA:61,0
DA:62,0
DA:63,0
DA:65,9
DA:66,0
DA:67,0
DA:68,0
DA:69,0
DA:70,0
DA:71,0
DA:72,0
DA:73,0
DA:74,0
DA:76,9
DA:77,5
DA:78,5
DA:80,4
DA:81,4
DA:82,4
DA:83,4
DA:84,4
DA:85,4
DA:86,4
DA:87,4
DA:89,4
DA:90,4
DA:91,4
DA:92,4
DA:93,4
DA:94,4
DA:95,4
DA:96,4
DA:97,4
DA:98,4
DA:100,4
DA:101,4
DA:102,1
DA:103,1
DA:104,1
DA:105,1
DA:106,1
DA:107,1
DA:108,1
DA:109,1
DA:110,1
DA:111,1
DA:112,1
DA:113,1
DA:114,1
DA:115,1
DA:116,1
DA:117,1
DA:118,1
DA:119,1
DA:120,1
DA:121,1
DA:122,1
DA:123,1
DA:124,1
DA:126,1
DA:127,1
DA:128,1
DA:129,1
DA:130,1
DA:131,1
DA:132,4
DA:133,4
DA:134,3
DA:135,3
DA:136,3
DA:137,3
DA:139,9
DA:142,9
DA:143,0
DA:144,0
DA:145,0
DA:146,0
DA:147,0
DA:148,0
DA:149,0
DA:150,0
DA:151,0
DA:152,0
DA:153,0
DA:154,0
DA:155,0
DA:156,0
DA:157,0
DA:158,0
DA:159,0
DA:160,0
DA:161,0
DA:162,0
DA:163,0
DA:164,0
DA:165,0
DA:166,0
DA:167,0
DA:168,0
DA:169,0
DA:170,0
DA:171,0
DA:172,0
DA:173,0
DA:174,0
DA:175,0
DA:176,0
DA:177,0
DA:178,0
DA:179,0
DA:180,0
DA:182,9
DA:184,9
LF:167
LH:99
BRDA:15,0,0,9
BRDA:76,1,0,5
BRDA:78,2,0,4
BRDA:133,3,0,3
BRDA:142,4,0,0
BRDA:24,5,0,5
BRDA:26,6,0,10
BRDA:30,7,0,0
BRDA:31,8,0,6
BRDA:32,9,0,0
BRDA:33,10,0,2
BRDA:35,11,0,8
BRDA:40,12,0,5
BRDA:101,13,0,1
BRDA:113,14,0,0
BRDA:117,15,0,0
BRF:16
BRH:11
end_of_record
TN:
SF:src\pages\Inventory\Index.jsx
FN:15,Inventory
FN:30,loadAll
FN:50,openDialog
FN:65,handleSave
FN:86,handleDelete
FN:107,onClick
FN:119,onClick
FN:158,onClick
FN:159,onClick
FN:183,onClick
FN:184,onClick
FN:212,onClick
FN:213,onClick
FN:248,onClick
FN:266,onClick
FN:271,onChange
FN:272,onChange
FN:275,onChange
FN:281,onChange
FN:282,onChange
FN:283,onChange
FN:286,onChange
FN:287,onChange
FN:288,onChange
FN:294,onChange
FN:295,onChange
FN:300,onChange
FN:302,onChange
FN:303,onChange
FN:305,onChange
FN:306,onChange
FN:307,onChange
FN:314,onChange
FN:321,onChange
FN:328,onChange
FN:329,onChange
FN:333,onChange
FN:338,onChange
FN:342,onClick
FN:355,Field
FN:361,onChange
FNF:41
FNH:6
FNDA:32,Inventory
FNDA:13,loadAll
FNDA:1,openDialog
FNDA:0,handleSave
FNDA:0,handleDelete
FNDA:1,onClick
FNDA:6,onClick
FNDA:0,onClick
FNDA:0,onClick
FNDA:0,onClick
FNDA:0,onClick
FNDA:0,onClick
FNDA:0,onClick
FNDA:0,onClick
FNDA:0,onClick
FNDA:0,onChange
FNDA:0,onChange
FNDA:0,onChange
FNDA:0,onChange
FNDA:0,onChange
FNDA:0,onChange
FNDA:0,onChange
FNDA:0,onChange
FNDA:0,onChange
FNDA:0,onChange
FNDA:0,onChange
FNDA:0,onChange
FNDA:0,onChange
FNDA:0,onChange
FNDA:0,onChange
FNDA:0,onChange
FNDA:0,onChange
FNDA:0,onChange
FNDA:0,onChange
FNDA:0,onChange
FNDA:0,onChange
FNDA:0,onChange
FNDA:0,onChange
FNDA:0,onClick
FNDA:8,Field
FNDA:0,onChange
DA:1,1
DA:2,1
DA:3,1
DA:4,1
DA:5,1
DA:6,1
DA:8,1
DA:9,1
DA:10,1
DA:11,1
DA:12,1
DA:13,1
DA:15,32
DA:16,32
DA:17,32
DA:18,32
DA:19,32
DA:20,32
DA:21,32
DA:22,32
DA:23,32
DA:24,32
DA:25,32
DA:26,32
DA:28,32
DA:30,32
DA:31,13
DA:32,13
DA:33,13
DA:34,13
DA:35,13
DA:36,13
DA:37,13
DA:38,13
DA:39,13
DA:40,13
DA:41,13
DA:42,13
DA:43,13
DA:44,1
DA:45,13
DA:46,12
DA:47,12
DA:48,13
DA:50,32
DA:51,1
DA:52,1
DA:53,1
DA:54,1
DA:55,1
DA:56,0
DA:57,0
DA:58,0
DA:59,0
DA:60,0
DA:61,0
DA:62,1
DA:63,1
DA:65,32
DA:66,0
DA:67,0
DA:68,0
DA:69,0
DA:70,0
DA:71,0
DA:72,0
DA:73,0
DA:74,0
DA:75,0
DA:76,0
DA:77,0
DA:78,0
DA:79,0
DA:80,0
DA:81,0
DA:82,0
DA:83,0
DA:84,0
DA:86,32
DA:87,0
DA:88,0
DA:89,0
DA:90,0
DA:91,0
DA:92,0
DA:93,0
DA:94,0
DA:95,0
DA:96,0
DA:98,32
DA:99,13
DA:100,13
DA:102,19
DA:103,19
DA:104,19
DA:105,19
DA:106,19
DA:107,19
DA:108,19
DA:110,32
DA:111,32
DA:112,32
DA:115,32
DA:116,32
DA:117,76
DA:118,76
DA:119,76
DA:120,76
DA:121,76
DA:122,76
DA:123,76
DA:125,76
DA:126,76
DA:127,32
DA:128,32
DA:131,32
DA:132,32
DA:133,13
DA:134,13
DA:135,13
DA:136,13
DA:137,13
DA:138,13
DA:139,13
DA:140,13
DA:141,13
DA:142,13
DA:143,13
DA:144,13
DA:145,13
DA:146,11
DA:147,11
DA:148,11
DA:149,11
DA:150,11
DA:151,11
DA:152,11
DA:153,11
DA:154,11
DA:155,11
DA:156,11
DA:157,11
DA:158,11
DA:159,11
DA:160,11
DA:161,11
DA:162,13
DA:163,13
DA:164,13
DA:165,13
DA:168,32
DA:169,2
DA:170,2
DA:171,2
DA:172,2
DA:173,2
DA:174,2
DA:175,2
DA:176,2
DA:177,2
DA:178,2
DA:179,1
DA:180,1
DA:181,1
DA:182,1
DA:183,1
DA:184,1
DA:185,1
DA:186,1
DA:187,2
DA:188,2
DA:189,2
DA:190,2
DA:193,32
DA:194,2
DA:195,2
DA:196,2
DA:197,2
DA:198,2
DA:199,2
DA:200,2
DA:201,2
DA:202,2
DA:203,2
DA:204,2
DA:205,2
DA:206,1
DA:207,1
DA:208,1
DA:209,1
DA:210,1
DA:211,1
DA:212,1
DA:213,1
DA:214,1
DA:215,1
DA:216,2
DA:217,2
DA:218,2
DA:219,2
DA:222,32
DA:223,2
DA:224,2
DA:225,2
DA:226,2
DA:227,2
DA:228,2
DA:229,2
DA:230,2
DA:231,2
DA:232,2
DA:233,2
DA:234,2
DA:235,2
DA:236,1
DA:237,1
DA:238,1
DA:239,1
DA:240,1
DA:241,0
DA:242,1
DA:243,1
DA:244,1
DA:245,1
DA:246,1
DA:247,1
DA:248,1
DA:249,1
DA:250,1
DA:251,2
DA:252,2
DA:253,2
DA:254,2
DA:256,32
DA:259,32
DA:260,1
DA:261,1
DA:262,1
DA:263,1
DA:264,1
DA:265,1
DA:266,1
DA:267,1
DA:268,1
DA:269,1
DA:270,1
DA:271,1
DA:272,1
DA:273,1
DA:274,1
DA:275,1
DA:276,1
DA:277,1
DA:278,1
DA:279,1
DA:280,1
DA:281,1
DA:282,1
DA:283,1
DA:284,1
DA:285,1
DA:286,1
DA:287,1
DA:288,1
DA:289,1
DA:290,1
DA:292,1
DA:293,0
DA:294,0
DA:295,0
DA:296,0
DA:298,1
DA:299,0
DA:300,0
DA:301,0
DA:302,0
DA:303,0
DA:304,0
DA:305,0
DA:306,0
DA:307,0
DA:308,0
DA:310,1
DA:311,0
DA:312,0
DA:313,0
DA:314,0
DA:315,0
DA:316,0
DA:317,0
DA:318,0
DA:319,0
DA:320,0
DA:321,0
DA:322,0
DA:323,0
DA:324,0
DA:325,0
DA:326,0
DA:327,0
DA:328,0
DA:329,0
DA:330,0
DA:331,0
DA:332,0
DA:333,0
DA:334,0
DA:335,0
DA:336,0
DA:337,0
DA:338,0
DA:339,0
DA:341,1
DA:342,1
DA:343,1
DA:344,1
DA:345,1
DA:346,1
DA:347,1
DA:348,1
DA:349,1
DA:351,32
DA:353,32
DA:355,8
DA:356,8
DA:357,8
DA:358,8
DA:359,8
DA:360,8
DA:361,8
DA:362,8
DA:364,8
LF:332
LH:253
BRDA:15,0,0,32
BRDA:98,1,0,13
BRDA:100,2,0,19
BRDA:110,3,0,2
BRDA:110,4,0,17
BRDA:132,5,0,13
BRDA:163,6,0,2
BRDA:168,7,0,2
BRDA:188,8,0,1
BRDA:193,9,0,2
BRDA:217,10,0,1
BRDA:222,11,0,2
BRDA:252,12,0,1
BRDA:259,13,0,1
BRDA:264,14,0,0
BRDA:292,15,0,0
BRDA:298,16,0,0
BRDA:310,17,0,0
BRDA:344,18,0,0
BRDA:344,19,0,0
BRDA:28,20,0,13
BRDA:30,21,0,13
BRDA:38,22,0,11
BRDA:39,23,0,0
BRDA:40,24,0,11
BRDA:40,25,0,0
BRDA:41,26,0,11
BRDA:41,27,0,0
BRDA:42,28,0,11
BRDA:42,29,0,0
BRDA:43,30,0,1
BRDA:45,31,0,12
BRDA:50,32,0,1
BRDA:52,33,0,0
BRDA:55,34,0,0
BRDA:107,35,0,1
BRDA:107,36,0,0
BRDA:107,37,0,0
BRDA:116,38,0,76
BRDA:122,39,0,19
BRDA:122,40,0,57
BRDA:119,41,0,6
BRDA:145,42,0,11
BRDA:149,43,0,0
BRDA:154,44,0,0
BRDA:178,45,0,1
BRDA:181,46,0,0
BRDA:205,47,0,1
BRDA:208,48,0,0
BRDA:209,49,0,0
BRDA:210,50,0,0
BRDA:235,51,0,1
BRDA:240,52,0,0
BRDA:245,53,0,0
BRDA:246,54,0,0
BRDA:355,55,0,8
BRDA:359,56,0,5
BRDA:359,57,0,3
BRDA:361,58,0,0
BRF:59
BRH:35
end_of_record
TN:
SF:src\pages\Messaging\Index.jsx
FN:9,Messaging
FN:23,loadMessages
FN:35,viewMessage
FN:48,openCompose
FN:57,handleSend
FN:98,onClick
FN:163,onClick
FN:168,onChange
FN:172,onChange
FN:176,onChange
FN:179,onClick
FNF:11
FNH:5
FNDA:19,Messaging
FNDA:9,loadMessages
FNDA:1,viewMessage
FNDA:1,openCompose
FNDA:0,handleSend
FNDA:1,onClick
FNDA:0,onClick
FNDA:0,onChange
FNDA:0,onChange
FNDA:0,onChange
FNDA:0,onClick
DA:1,1
DA:2,1
DA:3,1
DA:4,1
DA:5,1
DA:6,1
DA:7,1
DA:9,19
DA:10,19
DA:11,19
DA:12,19
DA:13,19
DA:14,19
DA:15,19
DA:16,19
DA:17,19
DA:19,19
DA:20,9
DA:21,19
DA:23,19
DA:24,9
DA:25,9
DA:26,9
DA:27,9
DA:28,9
DA:29,1
DA:30,9
DA:31,8
DA:32,8
DA:33,9
DA:35,19
DA:36,1
DA:37,1
DA:38,1
DA:39,1
DA:40,0
DA:41,0
DA:42,0
DA:43,1
DA:44,0
DA:45,0
DA:46,1
DA:48,19
DA:49,1
DA:50,1
DA:51,1
DA:52,1
DA:53,1
DA:54,1
DA:55,1
DA:57,19
DA:58,0
DA:59,0
DA:60,0
DA:61,0
DA:62,0
DA:63,0
DA:64,0
DA:65,0
DA:66,0
DA:67,0
DA:68,0
DA:69,0
DA:70,0
DA:72,19
DA:73,9
DA:74,9
DA:76,10
DA:77,10
DA:78,10
DA:79,10
DA:80,10
DA:81,10
DA:82,10
DA:83,10
DA:85,10
DA:87,10
DA:88,10
DA:89,10
DA:90,10
DA:91,10
DA:92,10
DA:93,7
DA:95,3
DA:96,3
DA:97,3
DA:98,3
DA:99,3
DA:100,3
DA:101,3
DA:102,3
DA:103,3
DA:105,3
DA:106,3
DA:107,3
DA:108,3
DA:109,3
DA:110,3
DA:111,3
DA:112,3
DA:113,3
DA:114,3
DA:116,19
DA:117,19
DA:120,19
DA:121,19
DA:122,1
DA:123,1
DA:124,1
DA:125,1
DA:126,1
DA:127,1
DA:128,1
DA:129,1
DA:130,1
DA:131,1
DA:132,1
DA:133,1
DA:134,1
DA:135,0
DA:136,0
DA:137,0
DA:138,0
DA:139,0
DA:140,0
DA:141,0
DA:142,0
DA:143,0
DA:144,0
DA:145,0
DA:146,0
DA:148,1
DA:150,9
DA:152,9
DA:154,19
DA:155,19
DA:158,19
DA:159,1
DA:160,1
DA:161,1
DA:162,1
DA:163,1
DA:164,1
DA:165,1
DA:166,1
DA:167,1
DA:168,1
DA:169,1
DA:170,1
DA:171,1
DA:172,1
DA:173,1
DA:174,1
DA:175,1
DA:176,1
DA:177,1
DA:178,1
DA:179,1
DA:180,1
DA:181,1
DA:182,1
DA:183,1
DA:184,1
DA:185,1
DA:186,1
DA:188,19
DA:190,19
LF:167
LH:137
BRDA:9,0,0,19
BRDA:72,1,0,9
BRDA:74,2,0,10
BRDA:92,3,0,7
BRDA:93,4,0,3
BRDA:121,5,0,1
BRDA:126,6,0,0
BRDA:127,7,0,0
BRDA:134,8,0,0
BRDA:148,9,0,9
BRDA:158,10,0,1
BRDA:181,11,0,0
BRDA:19,12,0,9
BRDA:23,13,0,9
BRDA:26,14,0,7
BRDA:27,15,0,0
BRDA:28,16,0,1
BRDA:30,17,0,8
BRDA:35,18,0,1
BRDA:39,19,0,0
BRDA:43,20,0,0
BRDA:48,21,0,1
BRDA:52,22,0,0
BRDA:95,23,0,3
BRDA:101,24,0,1
BRDA:101,25,0,1
BRDA:106,26,0,0
BRDA:107,27,0,0
BRDA:108,28,0,0
BRDA:98,29,0,1
BRF:30
BRH:19
end_of_record
TN:
SF:src\pages\Orders\Index.jsx
FN:25,Orders
FN:55,openCreate
FN:70,viewDetails
FN:79,addItem
FN:83,removeItem
FN:87,updateItem
FN:97,handleSave
FN:123,updateStatus
FN:147,onChange
FN:151,onChange
FN:185,onClick
FN:194,onClick
FN:195,onClick
FN:205,onClick
FN:216,onChange
FN:244,onClick
FN:250,onChange
FN:257,onChange
FN:261,onChange
FN:273,onChange
FN:277,onChange
FN:278,onChange
FN:281,onClick
FN:294,onChange
FN:298,onClick
FNF:25
FNH:2
FNDA:22,Orders
FNDA:1,openCreate
FNDA:0,viewDetails
FNDA:0,addItem
FNDA:0,removeItem
FNDA:0,updateItem
FNDA:0,handleSave
FNDA:0,updateStatus
FNDA:0,onChange
FNDA:0,onChange
FNDA:0,onClick
FNDA:0,onClick
FNDA:0,onClick
FNDA:0,onClick
FNDA:0,onChange
FNDA:0,onClick
FNDA:0,onChange
FNDA:0,onChange
FNDA:0,onChange
FNDA:0,onChange
FNDA:0,onChange
FNDA:0,onChange
FNDA:0,onClick
FNDA:0,onChange
FNDA:0,onClick
DA:1,1
DA:2,1
DA:3,1
DA:4,1
DA:5,1
DA:6,1
DA:7,1
DA:9,1
DA:10,1
DA:11,1
DA:12,1
DA:13,1
DA:14,1
DA:15,1
DA:16,1
DA:18,1
DA:19,1
DA:20,1
DA:21,1
DA:22,1
DA:23,1
DA:25,22
DA:26,22
DA:27,22
DA:28,22
DA:29,22
DA:30,22
DA:31,22
DA:32,22
DA:33,22
DA:34,22
DA:35,22
DA:37,22
DA:38,11
DA:39,11
DA:40,11
DA:41,11
DA:42,11
DA:43,11
DA:44,11
DA:45,11
DA:46,11
DA:47,1
DA:48,11
DA:49,10
DA:50,10
DA:51,22
DA:53,22
DA:55,22
DA:56,1
DA:57,1
DA:58,1
DA:59,1
DA:60,1
DA:61,1
DA:62,1
DA:63,1
DA:64,1
DA:65,1
DA:66,0
DA:67,0
DA:68,1
DA:70,22
DA:71,0
DA:72,0
DA:73,0
DA:74,0
DA:75,0
DA:76,0
DA:77,0
DA:79,22
DA:80,0
DA:81,0
DA:83,22
DA:84,0
DA:85,0
DA:87,22
DA:88,0
DA:89,0
DA:90,0
DA:91,0
DA:92,0
DA:93,0
DA:94,0
DA:95,0
DA:97,22
DA:98,0
DA:99,0
DA:100,0
DA:101,0
DA:102,0
DA:103,0
DA:104,0
DA:105,0
DA:106,0
DA:107,0
DA:108,0
DA:109,0
DA:110,0
DA:111,0
DA:112,0
DA:113,0
DA:114,0
DA:115,0
DA:116,0
DA:117,0
DA:118,0
DA:119,0
DA:120,0
DA:121,0
DA:123,22
DA:124,0
DA:125,0
DA:126,0
DA:127,0
DA:128,0
DA:129,0
DA:130,0
DA:131,0
DA:132,0
DA:134,22
DA:136,22
DA:137,22
DA:138,22
DA:139,22
DA:140,22
DA:141,22
DA:142,22
DA:143,22
DA:146,22
DA:147,22
DA:148,22
DA:149,22
DA:150,22
DA:151,22
DA:152,22
DA:153,22
DA:154,22
DA:155,22
DA:158,22
DA:159,22
DA:160,22
DA:161,22
DA:162,22
DA:163,22
DA:164,22
DA:165,22
DA:166,22
DA:167,22
DA:168,22
DA:169,22
DA:170,22
DA:171,22
DA:172,22
DA:173,11
DA:174,11
DA:175,2
DA:176,9
DA:177,9
DA:178,9
DA:179,9
DA:180,9
DA:181,9
DA:182,9
DA:183,9
DA:184,9
DA:185,9
DA:186,9
DA:187,9
DA:188,9
DA:189,22
DA:190,22
DA:191,22
DA:192,22
DA:193,22
DA:194,22
DA:195,22
DA:196,22
DA:197,22
DA:198,22
DA:201,22
DA:202,0
DA:203,0
DA:204,0
DA:205,0
DA:206,0
DA:207,0
DA:208,0
DA:209,0
DA:210,0
DA:211,0
DA:212,0
DA:213,0
DA:214,0
DA:215,0
DA:216,0
DA:217,0
DA:218,0
DA:219,0
DA:220,0
DA:221,0
DA:222,0
DA:223,0
DA:224,0
DA:225,0
DA:226,0
DA:227,0
DA:228,0
DA:229,0
DA:230,0
DA:231,0
DA:232,0
DA:233,0
DA:234,0
DA:235,0
DA:239,22
DA:240,1
DA:241,1
DA:242,1
DA:243,1
DA:244,1
DA:245,1
DA:246,1
DA:247,1
DA:248,1
DA:249,1
DA:250,1
DA:251,1
DA:252,1
DA:253,1
DA:254,1
DA:255,1
DA:256,1
DA:257,1
DA:258,1
DA:259,1
DA:260,1
DA:261,1
DA:262,1
DA:263,1
DA:265,1
DA:266,1
DA:267,1
DA:268,1
DA:269,1
DA:270,1
DA:271,1
DA:272,1
DA:273,1
DA:274,1
DA:275,1
DA:276,1
DA:277,1
DA:278,1
DA:279,1
DA:280,1
DA:281,0
DA:283,1
DA:284,1
DA:285,1
DA:286,1
DA:287,1
DA:288,1
DA:289,1
DA:290,1
DA:292,1
DA:293,1
DA:294,1
DA:295,1
DA:297,1
DA:298,1
DA:299,1
DA:300,1
DA:301,1
DA:302,1
DA:303,1
DA:304,1
DA:305,1
DA:307,22
DA:309,22
LF:280
LH:191
BRDA:25,0,0,22
BRDA:172,1,0,11
BRDA:173,2,0,11
BRDA:174,3,0,2
BRDA:175,4,0,9
BRDA:201,5,0,0
BRDA:239,6,0,1
BRDA:300,7,0,0
BRDA:37,8,0,11
BRDA:41,9,0,0
BRDA:42,10,0,0
BRDA:43,11,0,9
BRDA:44,12,0,0
BRDA:45,13,0,1
BRDA:45,14,0,1
BRDA:46,15,0,1
BRDA:48,16,0,10
BRDA:53,17,0,11
BRDA:55,18,0,1
BRDA:61,19,0,0
BRDA:62,20,0,0
BRDA:65,21,0,0
BRDA:134,22,0,22
BRDA:134,23,0,0
BRDA:149,24,0,132
BRDA:153,25,0,88
BRDA:176,26,0,9
BRDA:271,27,0,1
BRDA:279,28,0,0
BRDA:280,29,0,0
BRF:30
BRH:19
end_of_record
TN:
SF:src\pages\Pricing\Index.jsx
FN:7,Pricing
FN:23,handleChange
FN:30,handleSave
FN:71,onChange
FNF:4
FNH:1
FNDA:9,Pricing
FNDA:0,handleChange
FNDA:0,handleSave
FNDA:0,onChange
DA:1,1
DA:2,1
DA:3,1
DA:4,1
DA:5,1
DA:7,9
DA:8,9
DA:9,9
DA:10,9
DA:11,9
DA:13,9
DA:14,5
DA:15,3
DA:16,3
DA:17,5
DA:18,1
DA:19,1
DA:20,5
DA:21,9
DA:23,9
DA:24,0
DA:25,0
DA:26,0
DA:27,0
DA:28,0
DA:30,9
DA:31,0
DA:32,0
DA:33,0
DA:34,0
DA:35,0
DA:36,0
DA:37,0
DA:38,0
DA:39,0
DA:40,0
DA:41,0
DA:42,0
DA:43,0
DA:44,0
DA:45,0
DA:46,0
DA:47,0
DA:49,9
DA:50,9
DA:51,0
DA:52,0
DA:53,9
DA:55,9
DA:56,5
DA:57,5
DA:59,4
DA:60,4
DA:61,4
DA:63,4
DA:64,4
DA:65,4
DA:66,4
DA:67,4
DA:68,4
DA:69,4
DA:70,4
DA:71,4
DA:72,4
DA:73,4
DA:74,4
DA:76,4
DA:77,4
DA:78,4
DA:79,4
DA:80,4
DA:81,4
DA:82,4
DA:83,4
DA:84,4
DA:85,4
DA:86,4
DA:87,4
DA:88,4
DA:89,4
DA:90,4
DA:91,0
DA:92,0
DA:93,0
DA:94,0
DA:95,0
DA:96,0
DA:97,0
DA:98,0
DA:99,0
DA:100,0
DA:101,0
DA:102,0
DA:103,0
DA:104,0
DA:105,0
DA:106,0
DA:107,0
DA:108,0
DA:109,0
DA:110,0
DA:111,0
DA:112,0
DA:113,0
DA:114,0
DA:115,0
DA:116,0
DA:117,0
DA:118,0
DA:119,0
DA:120,0
DA:121,0
DA:122,0
DA:123,0
DA:124,0
DA:125,0
DA:126,0
DA:127,0
DA:128,0
DA:129,0
DA:130,0
DA:131,0
DA:132,0
DA:133,0
DA:134,0
DA:135,0
DA:136,0
DA:138,0
DA:139,0
DA:141,4
DA:142,4
DA:143,4
DA:145,9
DA:146,9
DA:147,9
DA:148,9
DA:150,9
LF:137
LH:65
BRDA:7,0,0,9
BRDA:55,1,0,5
BRDA:57,2,0,4
BRDA:13,3,0,5
BRDA:14,4,0,3
BRDA:15,5,0,0
BRDA:17,6,0,1
BRF:7
BRH:6
end_of_record
TN:
SF:src\pages\Profile\Index.jsx
FN:8,Profile
FN:21,handleSave
FN:35,handleDelete
FN:75,onChange
FN:84,onChange
FN:94,onChange
FN:103,onChange
FN:112,onChange
FNF:8
FNH:3
FNDA:18,Profile
FNDA:3,handleSave
FNDA:2,handleDelete
FNDA:0,onChange
FNDA:0,onChange
FNDA:0,onChange
FNDA:0,onChange
FNDA:0,onChange
DA:1,1
DA:2,1
DA:3,1
DA:4,1
DA:5,1
DA:6,1
DA:8,18
DA:9,18
DA:10,18
DA:11,18
DA:12,18
DA:13,18
DA:14,18
DA:15,18
DA:16,18
DA:17,18
DA:18,18
DA:19,18
DA:21,18
DA:22,3
DA:23,3
DA:24,3
DA:25,3
DA:26,1
DA:27,1
DA:28,3
DA:29,2
DA:30,3
DA:31,3
DA:32,3
DA:33,3
DA:35,18
DA:36,2
DA:37,1
DA:38,1
DA:39,1
DA:40,1
DA:41,1
DA:42,1
DA:43,2
DA:44,0
DA:45,2
DA:46,1
DA:47,1
DA:48,2
DA:50,18
DA:51,18
DA:52,18
DA:54,18
DA:55,18
DA:56,18
DA:57,18
DA:58,18
DA:59,18
DA:60,18
DA:61,18
DA:62,18
DA:63,18
DA:64,18
DA:65,18
DA:67,18
DA:68,18
DA:69,18
DA:70,18
DA:71,18
DA:72,18
DA:73,18
DA:74,18
DA:75,18
DA:76,18
DA:77,18
DA:78,18
DA:79,18
DA:80,18
DA:81,18
DA:82,18
DA:83,18
DA:84,18
DA:85,18
DA:86,18
DA:87,18
DA:88,18
DA:89,18
DA:90,18
DA:91,18
DA:92,18
DA:93,18
DA:94,18
DA:95,18
DA:96,18
DA:97,18
DA:98,18
DA:99,18
DA:100,18
DA:101,18
DA:102,18
DA:103,18
DA:104,18
DA:105,18
DA:106,18
DA:107,18
DA:108,18
DA:109,18
DA:110,18
DA:111,18
DA:112,18
DA:113,18
DA:114,18
DA:115,18
DA:116,18
DA:117,18
DA:118,18
DA:119,18
DA:121,18
DA:122,18
DA:123,18
DA:124,18
DA:125,18
DA:127,18
DA:128,18
DA:129,18
DA:131,18
DA:132,18
DA:133,18
DA:134,18
DA:135,18
DA:137,18
DA:138,18
DA:139,18
DA:140,18
DA:142,18
LF:131
LH:130
BRDA:8,0,0,18
BRDA:12,1,0,0
BRDA:13,2,0,0
BRDA:14,3,0,0
BRDA:15,4,0,0
BRDA:16,5,0,0
BRDA:121,6,0,3
BRDA:121,7,0,15
BRDA:137,8,0,1
BRDA:137,9,0,17
BRDA:21,10,0,3
BRDA:25,11,0,1
BRDA:28,12,0,2
BRDA:29,13,0,1
BRDA:29,14,0,1
BRDA:29,15,0,1
BRDA:35,16,0,2
BRDA:36,17,0,1
BRDA:43,18,0,0
BRDA:45,19,0,1
BRF:20
BRH:14
end_of_record
TN:
SF:src\pages\Reports\Index.jsx
FN:16,Reports
FN:24,load
FN:58,onClick
FN:96,label
FN:196,StatCard
FNF:5
FNH:3
FNDA:9,Reports
FNDA:5,load
FNDA:0,onClick
FNDA:0,label
FNDA:9,StatCard
DA:1,1
DA:2,1
DA:3,1
DA:4,1
DA:5,1
DA:6,1
DA:7,1
DA:8,1
DA:13,1
DA:14,1
DA:16,9
DA:17,9
DA:18,9
DA:19,9
DA:20,9
DA:21,9
DA:23,9
DA:24,5
DA:25,5
DA:26,5
DA:27,5
DA:28,5
DA:29,5
DA:30,5
DA:31,3
DA:32,3
DA:33,5
DA:34,1
DA:35,5
DA:36,4
DA:37,4
DA:38,5
DA:39,5
DA:40,9
DA:42,9
DA:43,5
DA:44,5
DA:46,4
DA:47,0
DA:48,4
DA:50,9
DA:51,9
DA:52,9
DA:54,9
DA:55,9
DA:56,8
DA:57,8
DA:58,8
DA:59,8
DA:60,8
DA:61,8
DA:62,8
DA:64,8
DA:65,8
DA:66,8
DA:67,9
DA:68,9
DA:70,9
DA:71,3
DA:72,3
DA:73,3
DA:74,3
DA:75,3
DA:76,3
DA:78,3
DA:79,3
DA:80,3
DA:81,3
DA:82,3
DA:83,3
DA:84,3
DA:85,3
DA:86,3
DA:87,3
DA:88,3
DA:89,3
DA:90,3
DA:92,3
DA:93,3
DA:94,3
DA:95,3
DA:96,3
DA:97,3
DA:98,3
DA:99,3
DA:100,3
DA:101,3
DA:102,3
DA:103,3
DA:105,3
DA:106,3
DA:107,3
DA:108,3
DA:109,3
DA:110,0
DA:111,0
DA:112,0
DA:113,0
DA:114,0
DA:115,0
DA:116,0
DA:117,0
DA:118,0
DA:119,0
DA:120,3
DA:121,3
DA:122,3
DA:124,3
DA:125,3
DA:127,3
DA:128,3
DA:129,3
DA:130,3
DA:131,0
DA:132,0
DA:133,0
DA:134,0
DA:135,0
DA:136,0
DA:137,0
DA:138,3
DA:139,3
DA:140,3
DA:142,3
DA:143,3
DA:144,3
DA:145,3
DA:148,9
DA:149,0
DA:150,0
DA:151,0
DA:152,0
DA:153,0
DA:154,0
DA:155,0
DA:157,0
DA:158,0
DA:159,0
DA:160,0
DA:161,0
DA:162,0
DA:163,0
DA:164,0
DA:165,0
DA:166,0
DA:167,0
DA:168,0
DA:169,0
DA:170,0
DA:172,0
DA:173,0
DA:174,0
DA:175,0
DA:176,0
DA:177,0
DA:178,0
DA:179,0
DA:180,0
DA:181,0
DA:182,0
DA:183,0
DA:184,0
DA:185,0
DA:187,0
DA:188,0
DA:189,0
DA:190,0
DA:192,9
DA:194,9
DA:196,9
DA:197,9
DA:198,9
DA:199,9
DA:200,9
DA:201,9
DA:202,9
DA:203,9
DA:204,9
DA:205,9
DA:206,9
DA:208,9
LF:181
LH:124
BRDA:16,0,0,9
BRDA:42,1,0,5
BRDA:44,2,0,4
BRDA:46,3,0,0
BRDA:47,4,0,4
BRDA:70,5,0,4
BRDA:70,6,0,3
BRDA:83,7,0,0
BRDA:84,8,0,0
BRDA:85,9,0,0
BRDA:121,10,0,0
BRDA:139,11,0,0
BRDA:148,12,0,0
BRDA:148,13,0,0
BRDA:23,14,0,5
BRDA:24,15,0,5
BRDA:30,16,0,3
BRDA:33,17,0,1
BRDA:35,18,0,4
BRDA:55,19,0,8
BRDA:61,20,0,4
BRDA:61,21,0,4
BRDA:64,22,0,4
BRDA:64,23,0,4
BRDA:196,24,0,9
BRF:25
BRH:17
end_of_record
TN:
SF:src\pages\Settings\Index.jsx
FN:9,SettingsPage
FN:38,loadSettings
FN:50,handleUpdate
FN:59,updateSetting
FN:65,handleAdd
FN:79,handleFileSelect
FN:87,handleSaveBranding
FN:125,onChange
FN:141,onChange
FN:157,onChange
FN:184,onChange
FN:189,onClick
FN:211,onChange
FN:221,onChange
FN:231,onChange
FNF:15
FNH:7
FNDA:62,SettingsPage
FNDA:20,loadSettings
FNDA:2,handleUpdate
FNDA:0,updateSetting
FNDA:2,handleAdd
FNDA:0,handleFileSelect
FNDA:2,handleSaveBranding
FNDA:0,onChange
FNDA:0,onChange
FNDA:0,onChange
FNDA:0,onChange
FNDA:2,onClick
FNDA:1,onChange
FNDA:0,onChange
FNDA:0,onChange
DA:1,1
DA:2,1
DA:3,1
DA:4,1
DA:5,1
DA:6,1
DA:7,1
DA:9,62
DA:10,62
DA:11,62
DA:12,62
DA:14,62
DA:15,62
DA:16,62
DA:17,62
DA:18,62
DA:21,62
DA:22,62
DA:23,62
DA:24,62
DA:25,62
DA:26,62
DA:28,62
DA:29,19
DA:30,19
DA:31,19
DA:32,62
DA:34,62
DA:35,19
DA:36,62
DA:38,62
DA:39,20
DA:40,20
DA:41,20
DA:42,20
DA:43,20
DA:44,1
DA:45,20
DA:46,19
DA:47,19
DA:48,20
DA:50,62
DA:51,2
DA:52,2
DA:53,1
DA:54,1
DA:55,1
DA:56,1
DA:57,2
DA:59,62
DA:60,0
DA:61,0
DA:62,0
DA:63,0
DA:65,62
DA:66,2
DA:67,1
DA:68,1
DA:69,1
DA:70,1
DA:71,1
DA:72,1
DA:73,1
DA:74,2
DA:75,0
DA:76,0
DA:77,2
DA:79,62
DA:80,0
DA:81,0
DA:82,0
DA:83,0
DA:84,0
DA:85,0
DA:87,62
DA:88,2
DA:89,2
DA:90,2
DA:91,2
DA:92,2
DA:93,2
DA:94,2
DA:95,1
DA:96,1
DA:97,1
DA:98,1
DA:99,1
DA:100,1
DA:101,2
DA:102,2
DA:103,2
DA:104,2
DA:106,62
DA:107,38
DA:108,38
DA:110,24
DA:111,24
DA:112,24
DA:115,24
DA:116,23
DA:117,23
DA:118,23
DA:119,23
DA:120,23
DA:121,23
DA:122,23
DA:123,23
DA:124,23
DA:125,23
DA:126,23
DA:127,23
DA:128,23
DA:129,23
DA:130,23
DA:131,23
DA:132,23
DA:133,0
DA:135,23
DA:136,23
DA:137,23
DA:139,23
DA:140,23
DA:141,23
DA:142,23
DA:143,23
DA:144,23
DA:145,23
DA:146,23
DA:147,23
DA:148,23
DA:149,0
DA:151,23
DA:152,23
DA:153,23
DA:155,23
DA:156,23
DA:157,23
DA:158,23
DA:159,23
DA:160,23
DA:161,23
DA:162,23
DA:163,23
DA:164,23
DA:165,23
DA:167,23
DA:168,23
DA:169,23
DA:170,23
DA:173,62
DA:174,62
DA:175,62
DA:176,62
DA:177,44
DA:178,44
DA:179,44
DA:180,44
DA:181,44
DA:182,44
DA:183,44
DA:184,44
DA:185,44
DA:186,44
DA:187,44
DA:188,44
DA:189,44
DA:190,44
DA:192,44
DA:193,44
DA:194,44
DA:195,62
DA:196,62
DA:197,2
DA:199,62
DA:200,62
DA:202,62
DA:203,62
DA:204,62
DA:205,62
DA:206,62
DA:207,62
DA:208,62
DA:209,62
DA:210,62
DA:211,62
DA:212,62
DA:213,62
DA:214,62
DA:215,62
DA:216,62
DA:217,62
DA:218,62
DA:219,62
DA:220,62
DA:221,62
DA:222,62
DA:223,62
DA:224,62
DA:225,62
DA:226,62
DA:227,62
DA:228,62
DA:229,62
DA:230,62
DA:231,62
DA:232,62
DA:233,62
DA:234,62
DA:235,62
DA:236,62
DA:237,62
DA:238,62
DA:240,62
DA:241,62
DA:242,62
DA:244,62
DA:245,62
DA:246,62
DA:247,62
DA:248,62
DA:249,62
DA:250,62
DA:251,62
DA:252,62
DA:253,62
DA:254,62
DA:255,62
DA:256,62
DA:257,62
DA:258,62
DA:259,62
DA:260,62
DA:261,62
DA:262,62
DA:263,62
DA:264,62
DA:265,62
DA:267,62
LF:238
LH:224
BRDA:9,0,0,62
BRDA:12,1,0,6
BRDA:106,2,0,38
BRDA:108,3,0,24
BRDA:115,4,0,23
BRDA:132,5,0,0
BRDA:148,6,0,0
BRDA:167,7,0,2
BRDA:167,8,0,21
BRDA:196,9,0,2
BRDA:28,10,0,19
BRDA:34,11,0,19
BRDA:38,12,0,20
BRDA:41,13,0,18
BRDA:42,14,0,0
BRDA:43,15,0,1
BRDA:45,16,0,19
BRDA:50,17,0,2
BRDA:52,18,0,1
BRDA:65,19,0,2
BRDA:66,20,0,1
BRDA:74,21,0,0
BRDA:87,22,0,2
BRDA:92,23,0,0
BRDA:93,24,0,0
BRDA:94,25,0,1
BRDA:176,26,0,44
BRDA:186,27,0,22
BRDA:189,28,0,2
BRDA:211,29,0,1
BRF:30
BRH:24
end_of_record
TN:
SF:src\pages\Users\Index.jsx
FN:20,UsersPage
FN:41,loadUsers
FN:56,openCreate
FN:62,openEdit
FN:72,handleSave
FN:105,handleDelete
FN:116,getRoleDisplay
FN:144,onChange
FN:150,onChange
FN:209,onClick
FN:215,onClick
FN:239,onClick
FN:245,onClick
FN:257,onChange
FN:266,onChange
FN:277,onChange
FN:288,onChange
FN:297,onChange
FN:306,onChange
FN:318,onChange
FN:333,onChange
FN:340,onClick
FNF:22
FNH:13
FNDA:52,UsersPage
FNDA:21,loadUsers
FNDA:5,openCreate
FNDA:2,openEdit
FNDA:4,handleSave
FNDA:2,handleDelete
FNDA:64,getRoleDisplay
FNDA:0,onChange
FNDA:0,onChange
FNDA:2,onClick
FNDA:2,onClick
FNDA:0,onClick
FNDA:0,onClick
FNDA:0,onChange
FNDA:0,onChange
FNDA:2,onChange
FNDA:2,onChange
FNDA:0,onChange
FNDA:0,onChange
FNDA:0,onChange
FNDA:1,onChange
FNDA:1,onClick
DA:1,1
DA:2,1
DA:3,1
DA:4,1
DA:5,1
DA:6,1
DA:8,1
DA:9,1
DA:10,1
DA:11,1
DA:12,1
DA:13,1
DA:15,1
DA:16,1
DA:17,1
DA:18,1
DA:20,52
DA:21,52
DA:22,52
DA:23,52
DA:24,52
DA:25,52
DA:26,52
DA:27,52
DA:28,52
DA:29,52
DA:30,52
DA:32,52
DA:33,52
DA:35,52
DA:36,18
DA:37,52
DA:39,52
DA:41,52
DA:42,21
DA:43,21
DA:44,21
DA:45,21
DA:46,21
DA:47,21
DA:48,21
DA:49,21
DA:50,1
DA:51,21
DA:52,20
DA:53,20
DA:54,21
DA:56,52
DA:57,5
DA:58,5
DA:59,5
DA:60,5
DA:62,52
DA:63,2
DA:64,2
DA:65,2
DA:66,2
DA:67,2
DA:68,2
DA:69,2
DA:70,2
DA:72,52
DA:73,4
DA:74,1
DA:75,1
DA:76,4
DA:77,1
DA:78,1
DA:79,2
DA:80,2
DA:81,2
DA:82,4
DA:83,4
DA:84,1
DA:85,1
DA:86,1
DA:87,1
DA:88,1
DA:89,1
DA:90,2
DA:91,2
DA:92,4
DA:93,0
DA:94,0
DA:95,0
DA:96,0
DA:97,0
DA:98,0
DA:99,0
DA:100,4
DA:101,2
DA:102,2
DA:103,4
DA:105,52
DA:106,2
DA:107,1
DA:108,1
DA:109,1
DA:110,1
DA:111,2
DA:112,0
DA:113,0
DA:114,2
DA:116,52
DA:117,64
DA:118,64
DA:119,64
DA:120,0
DA:121,64
DA:123,52
DA:124,52
DA:125,52
DA:126,52
DA:127,52
DA:128,52
DA:129,52
DA:131,52
DA:132,52
DA:133,52
DA:136,52
DA:137,52
DA:138,52
DA:139,52
DA:140,52
DA:141,52
DA:142,52
DA:143,52
DA:144,52
DA:145,52
DA:146,52
DA:147,52
DA:148,52
DA:149,52
DA:150,52
DA:152,52
DA:153,52
DA:154,102
DA:155,52
DA:156,52
DA:157,52
DA:160,52
DA:161,52
DA:162,18
DA:163,18
DA:164,18
DA:166,34
DA:167,34
DA:168,34
DA:169,34
DA:170,34
DA:171,34
DA:172,34
DA:173,34
DA:174,34
DA:175,34
DA:176,34
DA:177,34
DA:178,34
DA:179,34
DA:180,64
DA:181,64
DA:182,64
DA:183,64
DA:184,64
DA:185,64
DA:186,64
DA:187,64
DA:188,64
DA:189,64
DA:190,64
DA:191,64
DA:192,64
DA:193,64
DA:194,64
DA:195,64
DA:196,64
DA:197,64
DA:198,64
DA:199,32
DA:200,32
DA:201,64
DA:202,64
DA:203,64
DA:204,64
DA:205,64
DA:206,64
DA:207,64
DA:208,64
DA:209,64
DA:210,64
DA:212,64
DA:213,64
DA:214,64
DA:215,64
DA:216,64
DA:218,64
DA:219,64
DA:220,64
DA:221,64
DA:222,64
DA:224,34
DA:225,34
DA:226,2
DA:227,2
DA:228,2
DA:230,34
DA:231,34
DA:232,34
DA:234,52
DA:237,52
DA:238,14
DA:239,14
DA:240,14
DA:241,14
DA:242,14
DA:243,14
DA:244,14
DA:245,14
DA:246,14
DA:247,14
DA:248,14
DA:249,14
DA:250,14
DA:251,14
DA:252,14
DA:253,14
DA:254,14
DA:255,14
DA:256,14
DA:257,14
DA:258,14
DA:259,14
DA:260,14
DA:261,14
DA:262,14
DA:263,14
DA:264,14
DA:265,14
DA:266,14
DA:267,14
DA:268,14
DA:269,14
DA:270,14
DA:271,14
DA:272,14
DA:273,14
DA:274,14
DA:275,14
DA:276,14
DA:277,14
DA:278,14
DA:279,14
DA:280,14
DA:281,14
DA:282,14
DA:283,14
DA:284,14
DA:285,14
DA:286,14
DA:287,14
DA:288,14
DA:289,14
DA:290,14
DA:291,14
DA:292,14
DA:293,14
DA:294,14
DA:295,14
DA:296,14
DA:297,14
DA:298,14
DA:299,14
DA:300,14
DA:301,14
DA:302,14
DA:303,14
DA:304,14
DA:305,14
DA:306,14
DA:308,14
DA:309,28
DA:310,14
DA:311,14
DA:312,14
DA:313,14
DA:314,14
DA:315,14
DA:316,14
DA:317,14
DA:318,14
DA:319,14
DA:320,14
DA:321,14
DA:322,14
DA:323,14
DA:324,14
DA:325,14
DA:326,14
DA:327,14
DA:328,14
DA:329,14
DA:330,14
DA:331,14
DA:332,14
DA:333,14
DA:334,14
DA:335,14
DA:336,14
DA:337,14
DA:338,14
DA:339,14
DA:340,14
DA:341,14
DA:342,14
DA:344,14
DA:345,14
DA:346,14
DA:347,14
DA:348,14
DA:350,14
DA:351,14
DA:352,14
DA:353,14
DA:354,14
DA:356,52
DA:358,52
LF:326
LH:316
BRDA:20,0,0,52
BRDA:32,1,0,0
BRDA:161,2,0,18
BRDA:164,3,0,34
BRDA:225,4,0,2
BRDA:237,5,0,14
BRDA:243,6,0,3
BRDA:243,7,0,11
BRDA:327,8,0,3
BRDA:327,9,0,11
BRDA:334,10,0,3
BRDA:334,11,0,11
BRDA:350,12,0,2
BRDA:350,13,0,12
BRDA:350,14,0,2
BRDA:350,15,0,10
BRDA:33,16,0,102
BRDA:35,17,0,18
BRDA:36,18,0,18
BRDA:39,19,0,18
BRDA:41,20,0,21
BRDA:45,21,0,0
BRDA:46,22,0,0
BRDA:47,23,0,19
BRDA:48,24,0,0
BRDA:49,25,0,1
BRDA:51,26,0,20
BRDA:56,27,0,5
BRDA:58,28,0,0
BRDA:62,29,0,2
BRDA:66,30,0,0
BRDA:72,31,0,4
BRDA:73,32,0,3
BRDA:73,33,0,1
BRDA:75,34,0,3
BRDA:76,35,0,2
BRDA:76,36,0,1
BRDA:78,37,0,2
BRDA:82,38,0,1
BRDA:82,39,0,2
BRDA:83,40,0,1
BRDA:89,41,0,2
BRDA:92,42,0,0
BRDA:100,43,0,2
BRDA:105,44,0,2
BRDA:106,45,0,1
BRDA:111,46,0,0
BRDA:116,47,0,64
BRDA:117,48,0,0
BRDA:118,49,0,0
BRDA:119,50,0,0
BRDA:153,51,0,102
BRDA:179,52,0,64
BRDA:185,53,0,32
BRDA:185,54,0,32
BRDA:185,55,0,32
BRDA:191,56,0,0
BRDA:198,57,0,32
BRDA:199,58,0,32
BRDA:202,59,0,32
BRDA:202,60,0,32
BRDA:209,61,0,2
BRDA:215,62,0,2
BRDA:277,63,0,2
BRDA:288,64,0,2
BRDA:308,65,0,28
BRDA:333,66,0,1
BRDA:340,67,0,1
BRF:68
BRH:56
end_of_record
TN:
SF:src\utils\format.js
FN:1,formatCurrency
FN:10,formatDate
FN:19,formatDateTime
FN:30,classNames
FNF:4
FNH:4
FNDA:49,formatCurrency
FNDA:15,formatDate
FNDA:9,formatDateTime
FNDA:167,classNames
DA:1,2
DA:2,49
DA:3,49
DA:4,49
DA:5,49
DA:6,49
DA:7,49
DA:8,49
DA:10,2
DA:11,15
DA:12,3
DA:13,3
DA:14,3
DA:15,3
DA:16,3
DA:17,3
DA:19,2
DA:20,9
DA:21,5
DA:22,5
DA:23,5
DA:24,5
DA:25,5
DA:26,5
DA:27,5
DA:28,5
DA:30,2
DA:31,167
DA:32,167
LF:29
LH:29
BRDA:1,0,0,49
BRDA:2,1,0,10
BRDA:10,2,0,15
BRDA:11,3,0,12
BRDA:11,4,0,3
BRDA:19,5,0,9
BRDA:20,6,0,4
BRDA:20,7,0,5
BRDA:30,8,0,167
BRF:9
BRH:9
end_of_record
